<?xml version="1.0" encoding="UTF-8"?>
<!-- Generated by org.testng.reporters.JUnitReportReporter -->
<testsuite hostname="DESKTOP-VC14B0M" failures="0" tests="1" name="jenkins.classroom1Test" time="0.009" errors="0" timestamp="2022-10-07T17:00:56 IST" skipped="0">
  <testcase classname="jenkins.classroom1Test" name="gitMethods" time="0.009"/>
  <system-out/>
</testsuite> <!-- jenkins.classroom1Test -->
