<?xml version="1.0" encoding="UTF-8"?>
<!-- Generated by org.testng.reporters.JUnitReportReporter -->
<testsuite hostname="DESKTOP-VC14B0M" failures="0" tests="1" name="jenkins.classroom2Test" time="0.008" errors="0" timestamp="2022-10-07T17:00:49 IST" skipped="0">
  <testcase classname="jenkins.classroom2Test" name="gitMethods" time="0.008"/>
  <system-out/>
</testsuite> <!-- jenkins.classroom2Test -->
